        -:    0:Source:TestCollatz.c++
        -:    0:Graph:TestCollatz.gcno
        -:    0:Data:TestCollatz.gcda
        -:    0:Runs:1
        -:    0:Programs:1
        -:    1:// --------------------------------
        -:    2:// projects/collatz/TestCollatz.c++
        -:    3:// Copyright (C) 2017
        -:    4:// Glenn P. Downing
        -:    5:// --------------------------------
        -:    6:
        -:    7:// https://code.google.com/p/googletest/wiki/V1_7_Primer#Basic_Assertions
        -:    8:
        -:    9:// --------
        -:   10:// includes
        -:   11:// --------
        -:   12:
        -:   13:#include <iostream> // cout, endl
        -:   14:#include <sstream>  // istringtstream, ostringstream
        -:   15:#include <string>   // string
        -:   16:
        -:   17:#include "gtest/gtest.h"
        -:   18:
        -:   19:#include "Collatz.h"
        -:   20:
        -:   21:using namespace std;
        -:   22:
        -:   23:// ----
        -:   24:// read
        -:   25:// ----
        -:   26:
function _ZN26CollatzFixture_read_1_TestD0Ev called 1 returned 100% blocks executed 100%
function _ZN26CollatzFixture_read_1_TestD2Ev called 1 returned 100% blocks executed 75%
function _ZN26CollatzFixture_read_1_Test8TestBodyEv called 1 returned 100% blocks executed 47%
function _ZN26CollatzFixture_read_1_TestC2Ev called 1 returned 100% blocks executed 100%
        5:   27:TEST(CollatzFixture, read_1) {
call    0 returned 100%
call    1 returned 100%
call    2 returned 100%
call    3 returned 100%
call    4 returned 100%
branch  5 taken 100% (fallthrough)
branch  6 taken 0% (throw)
call    7 returned 100%
branch  8 taken 100% (fallthrough)
branch  9 taken 0% (throw)
call   10 returned 100%
branch 11 taken 100% (fallthrough)
branch 12 taken 0% (throw)
call   13 returned 100%
call   14 returned 100%
call   15 returned 100%
call   16 never executed
call   17 never executed
call   18 never executed
call   19 never executed
call   20 returned 100%
call   21 returned 100%
call   22 returned 100%
branch 23 taken 0% (fallthrough)
branch 24 taken 100%
call   25 never executed
call   26 returned 100%
        2:   28:  istringstream r("10\n");
call    0 returned 100%
call    1 returned 100%
branch  2 taken 100% (fallthrough)
branch  3 taken 0% (throw)
call    4 returned 100%
branch  5 taken 100% (fallthrough)
branch  6 taken 0% (throw)
call    7 returned 100%
call    8 returned 100%
call    9 never executed
call   10 never executed
call   11 never executed
        1:   29:  const int n = collatz_read(r);
call    0 returned 100%
branch  1 taken 100% (fallthrough)
branch  2 taken 0% (throw)
        1:   30:  ASSERT_EQ(10, n);
call    0 returned 100%
branch  1 taken 100% (fallthrough)
branch  2 taken 0% (throw)
call    3 returned 100%
branch  4 taken 0% (fallthrough)
branch  5 taken 100%
call    6 never executed
branch  7 never executed
branch  8 never executed
call    9 never executed
branch 10 never executed
branch 11 never executed
call   12 never executed
branch 13 never executed
branch 14 never executed
call   15 never executed
branch 16 never executed
branch 17 never executed
call   18 never executed
call   19 never executed
call   20 returned 100%
branch 21 taken 100%
branch 22 taken 0%
call   23 returned 100%
branch 24 taken 100%
branch 25 taken 0%
call   26 never executed
call   27 never executed
call   28 never executed
        -:   31:}
        -:   32:
function _ZN26CollatzFixture_read_2_TestD0Ev called 1 returned 100% blocks executed 100%
function _ZN26CollatzFixture_read_2_TestD2Ev called 1 returned 100% blocks executed 75%
function _ZN26CollatzFixture_read_2_Test8TestBodyEv called 1 returned 100% blocks executed 47%
function _ZN26CollatzFixture_read_2_TestC2Ev called 1 returned 100% blocks executed 100%
        5:   33:TEST(CollatzFixture, read_2) {
call    0 returned 100%
call    1 returned 100%
call    2 returned 100%
call    3 returned 100%
call    4 returned 100%
branch  5 taken 100% (fallthrough)
branch  6 taken 0% (throw)
call    7 returned 100%
branch  8 taken 100% (fallthrough)
branch  9 taken 0% (throw)
call   10 returned 100%
branch 11 taken 100% (fallthrough)
branch 12 taken 0% (throw)
call   13 returned 100%
call   14 returned 100%
call   15 returned 100%
call   16 never executed
call   17 never executed
call   18 never executed
call   19 never executed
call   20 returned 100%
call   21 returned 100%
call   22 returned 100%
branch 23 taken 0% (fallthrough)
branch 24 taken 100%
call   25 never executed
call   26 returned 100%
        2:   34:  istringstream r("1\n");
call    0 returned 100%
call    1 returned 100%
branch  2 taken 100% (fallthrough)
branch  3 taken 0% (throw)
call    4 returned 100%
branch  5 taken 100% (fallthrough)
branch  6 taken 0% (throw)
call    7 returned 100%
call    8 returned 100%
call    9 never executed
call   10 never executed
call   11 never executed
        1:   35:  const int n = collatz_read(r);
call    0 returned 100%
branch  1 taken 100% (fallthrough)
branch  2 taken 0% (throw)
        1:   36:  ASSERT_EQ(1, n);
call    0 returned 100%
branch  1 taken 100% (fallthrough)
branch  2 taken 0% (throw)
call    3 returned 100%
branch  4 taken 0% (fallthrough)
branch  5 taken 100%
call    6 never executed
branch  7 never executed
branch  8 never executed
call    9 never executed
branch 10 never executed
branch 11 never executed
call   12 never executed
branch 13 never executed
branch 14 never executed
call   15 never executed
branch 16 never executed
branch 17 never executed
call   18 never executed
call   19 never executed
call   20 returned 100%
branch 21 taken 100%
branch 22 taken 0%
call   23 returned 100%
branch 24 taken 100%
branch 25 taken 0%
call   26 never executed
call   27 never executed
call   28 never executed
        -:   37:}
        -:   38:
function _ZN26CollatzFixture_read_3_TestD0Ev called 1 returned 100% blocks executed 100%
function _ZN26CollatzFixture_read_3_TestD2Ev called 1 returned 100% blocks executed 75%
function _ZN26CollatzFixture_read_3_Test8TestBodyEv called 1 returned 100% blocks executed 47%
function _ZN26CollatzFixture_read_3_TestC2Ev called 1 returned 100% blocks executed 100%
        5:   39:TEST(CollatzFixture, read_3) {
call    0 returned 100%
call    1 returned 100%
call    2 returned 100%
call    3 returned 100%
call    4 returned 100%
branch  5 taken 100% (fallthrough)
branch  6 taken 0% (throw)
call    7 returned 100%
branch  8 taken 100% (fallthrough)
branch  9 taken 0% (throw)
call   10 returned 100%
branch 11 taken 100% (fallthrough)
branch 12 taken 0% (throw)
call   13 returned 100%
call   14 returned 100%
call   15 returned 100%
call   16 never executed
call   17 never executed
call   18 never executed
call   19 never executed
call   20 returned 100%
call   21 returned 100%
call   22 returned 100%
branch 23 taken 0% (fallthrough)
branch 24 taken 100%
call   25 never executed
call   26 returned 100%
        2:   40:  istringstream r("100\n");
call    0 returned 100%
call    1 returned 100%
branch  2 taken 100% (fallthrough)
branch  3 taken 0% (throw)
call    4 returned 100%
branch  5 taken 100% (fallthrough)
branch  6 taken 0% (throw)
call    7 returned 100%
call    8 returned 100%
call    9 never executed
call   10 never executed
call   11 never executed
        1:   41:  const int n = collatz_read(r);
call    0 returned 100%
branch  1 taken 100% (fallthrough)
branch  2 taken 0% (throw)
        1:   42:  ASSERT_EQ(100, n);
call    0 returned 100%
branch  1 taken 100% (fallthrough)
branch  2 taken 0% (throw)
call    3 returned 100%
branch  4 taken 0% (fallthrough)
branch  5 taken 100%
call    6 never executed
branch  7 never executed
branch  8 never executed
call    9 never executed
branch 10 never executed
branch 11 never executed
call   12 never executed
branch 13 never executed
branch 14 never executed
call   15 never executed
branch 16 never executed
branch 17 never executed
call   18 never executed
call   19 never executed
call   20 returned 100%
branch 21 taken 100%
branch 22 taken 0%
call   23 returned 100%
branch 24 taken 100%
branch 25 taken 0%
call   26 never executed
call   27 never executed
call   28 never executed
        -:   43:}
        -:   44:
        -:   45:// ----
        -:   46:// eval
        -:   47:// ----
        -:   48:
function _ZN26CollatzFixture_eval_1_TestD0Ev called 1 returned 100% blocks executed 100%
function _ZN26CollatzFixture_eval_1_TestD2Ev called 1 returned 100% blocks executed 75%
function _ZN26CollatzFixture_eval_1_Test8TestBodyEv called 1 returned 100% blocks executed 41%
function _ZN26CollatzFixture_eval_1_TestC2Ev called 1 returned 100% blocks executed 100%
        5:   49:TEST(CollatzFixture, eval_1) {
call    0 returned 100%
call    1 returned 100%
call    2 returned 100%
call    3 returned 100%
call    4 returned 100%
branch  5 taken 100% (fallthrough)
branch  6 taken 0% (throw)
call    7 returned 100%
branch  8 taken 100% (fallthrough)
branch  9 taken 0% (throw)
call   10 returned 100%
branch 11 taken 100% (fallthrough)
branch 12 taken 0% (throw)
call   13 returned 100%
call   14 returned 100%
call   15 returned 100%
call   16 never executed
call   17 never executed
call   18 never executed
call   19 never executed
call   20 returned 100%
call   21 returned 100%
call   22 returned 100%
branch 23 taken 0% (fallthrough)
branch 24 taken 100%
call   25 never executed
call   26 returned 100%
        1:   50:  const int m = collatz_eval(10);
call    0 returned 100%
branch  1 taken 100% (fallthrough)
branch  2 taken 0% (throw)
        1:   51:  ASSERT_EQ(9, m);
call    0 returned 100%
branch  1 taken 100% (fallthrough)
branch  2 taken 0% (throw)
call    3 returned 100%
branch  4 taken 0% (fallthrough)
branch  5 taken 100%
call    6 never executed
branch  7 never executed
branch  8 never executed
call    9 never executed
branch 10 never executed
branch 11 never executed
call   12 never executed
branch 13 never executed
branch 14 never executed
call   15 never executed
branch 16 never executed
branch 17 never executed
call   18 never executed
call   19 never executed
call   20 returned 100%
branch 21 taken 100%
branch 22 taken 0%
call   23 never executed
call   24 never executed
call   25 never executed
        -:   52:}
        -:   53:
function _ZN26CollatzFixture_eval_2_TestD0Ev called 1 returned 100% blocks executed 100%
function _ZN26CollatzFixture_eval_2_TestD2Ev called 1 returned 100% blocks executed 75%
function _ZN26CollatzFixture_eval_2_Test8TestBodyEv called 1 returned 100% blocks executed 41%
function _ZN26CollatzFixture_eval_2_TestC2Ev called 1 returned 100% blocks executed 100%
        5:   54:TEST(CollatzFixture, eval_2) {
call    0 returned 100%
call    1 returned 100%
call    2 returned 100%
call    3 returned 100%
call    4 returned 100%
branch  5 taken 100% (fallthrough)
branch  6 taken 0% (throw)
call    7 returned 100%
branch  8 taken 100% (fallthrough)
branch  9 taken 0% (throw)
call   10 returned 100%
branch 11 taken 100% (fallthrough)
branch 12 taken 0% (throw)
call   13 returned 100%
call   14 returned 100%
call   15 returned 100%
call   16 never executed
call   17 never executed
call   18 never executed
call   19 never executed
call   20 returned 100%
call   21 returned 100%
call   22 returned 100%
branch 23 taken 0% (fallthrough)
branch 24 taken 100%
call   25 never executed
call   26 returned 100%
        1:   55:  const int m = collatz_eval(15);
call    0 returned 100%
branch  1 taken 100% (fallthrough)
branch  2 taken 0% (throw)
        1:   56:  ASSERT_EQ(9, m);
call    0 returned 100%
branch  1 taken 100% (fallthrough)
branch  2 taken 0% (throw)
call    3 returned 100%
branch  4 taken 0% (fallthrough)
branch  5 taken 100%
call    6 never executed
branch  7 never executed
branch  8 never executed
call    9 never executed
branch 10 never executed
branch 11 never executed
call   12 never executed
branch 13 never executed
branch 14 never executed
call   15 never executed
branch 16 never executed
branch 17 never executed
call   18 never executed
call   19 never executed
call   20 returned 100%
branch 21 taken 100%
branch 22 taken 0%
call   23 never executed
call   24 never executed
call   25 never executed
        -:   57:}
        -:   58:
function _ZN26CollatzFixture_eval_3_TestD0Ev called 1 returned 100% blocks executed 100%
function _ZN26CollatzFixture_eval_3_TestD2Ev called 1 returned 100% blocks executed 75%
function _ZN26CollatzFixture_eval_3_Test8TestBodyEv called 1 returned 100% blocks executed 41%
function _ZN26CollatzFixture_eval_3_TestC2Ev called 1 returned 100% blocks executed 100%
        5:   59:TEST(CollatzFixture, eval_3) {
call    0 returned 100%
call    1 returned 100%
call    2 returned 100%
call    3 returned 100%
call    4 returned 100%
branch  5 taken 100% (fallthrough)
branch  6 taken 0% (throw)
call    7 returned 100%
branch  8 taken 100% (fallthrough)
branch  9 taken 0% (throw)
call   10 returned 100%
branch 11 taken 100% (fallthrough)
branch 12 taken 0% (throw)
call   13 returned 100%
call   14 returned 100%
call   15 returned 100%
call   16 never executed
call   17 never executed
call   18 never executed
call   19 never executed
call   20 returned 100%
call   21 returned 100%
call   22 returned 100%
branch 23 taken 0% (fallthrough)
branch 24 taken 100%
call   25 never executed
call   26 returned 100%
        1:   60:  const int m = collatz_eval(20);
call    0 returned 100%
branch  1 taken 100% (fallthrough)
branch  2 taken 0% (throw)
        1:   61:  ASSERT_EQ(19, m);
call    0 returned 100%
branch  1 taken 100% (fallthrough)
branch  2 taken 0% (throw)
call    3 returned 100%
branch  4 taken 0% (fallthrough)
branch  5 taken 100%
call    6 never executed
branch  7 never executed
branch  8 never executed
call    9 never executed
branch 10 never executed
branch 11 never executed
call   12 never executed
branch 13 never executed
branch 14 never executed
call   15 never executed
branch 16 never executed
branch 17 never executed
call   18 never executed
call   19 never executed
call   20 returned 100%
branch 21 taken 100%
branch 22 taken 0%
call   23 never executed
call   24 never executed
call   25 never executed
        -:   62:}
        -:   63:
function _ZN26CollatzFixture_eval_4_TestD0Ev called 1 returned 100% blocks executed 100%
function _ZN26CollatzFixture_eval_4_TestD2Ev called 1 returned 100% blocks executed 75%
function _ZN26CollatzFixture_eval_4_Test8TestBodyEv called 1 returned 100% blocks executed 41%
function _ZN26CollatzFixture_eval_4_TestC2Ev called 1 returned 100% blocks executed 100%
        5:   64:TEST(CollatzFixture, eval_4) {
call    0 returned 100%
call    1 returned 100%
call    2 returned 100%
call    3 returned 100%
call    4 returned 100%
branch  5 taken 100% (fallthrough)
branch  6 taken 0% (throw)
call    7 returned 100%
branch  8 taken 100% (fallthrough)
branch  9 taken 0% (throw)
call   10 returned 100%
branch 11 taken 100% (fallthrough)
branch 12 taken 0% (throw)
call   13 returned 100%
call   14 returned 100%
call   15 returned 100%
call   16 never executed
call   17 never executed
call   18 never executed
call   19 never executed
call   20 returned 100%
call   21 returned 100%
call   22 returned 100%
branch 23 taken 0% (fallthrough)
branch 24 taken 100%
call   25 never executed
call   26 returned 100%
        1:   65:  const int m = collatz_eval(1);
call    0 returned 100%
branch  1 taken 100% (fallthrough)
branch  2 taken 0% (throw)
        1:   66:  ASSERT_EQ(1, m);
call    0 returned 100%
branch  1 taken 100% (fallthrough)
branch  2 taken 0% (throw)
call    3 returned 100%
branch  4 taken 0% (fallthrough)
branch  5 taken 100%
call    6 never executed
branch  7 never executed
branch  8 never executed
call    9 never executed
branch 10 never executed
branch 11 never executed
call   12 never executed
branch 13 never executed
branch 14 never executed
call   15 never executed
branch 16 never executed
branch 17 never executed
call   18 never executed
call   19 never executed
call   20 returned 100%
branch 21 taken 100%
branch 22 taken 0%
call   23 never executed
call   24 never executed
call   25 never executed
        -:   67:}
        -:   68:
function _ZN26CollatzFixture_eval_5_TestD0Ev called 1 returned 100% blocks executed 100%
function _ZN26CollatzFixture_eval_5_TestD2Ev called 1 returned 100% blocks executed 75%
function _ZN26CollatzFixture_eval_5_Test8TestBodyEv called 1 returned 100% blocks executed 41%
function _ZN26CollatzFixture_eval_5_TestC2Ev called 1 returned 100% blocks executed 100%
        5:   69:TEST(CollatzFixture, eval_5) {
call    0 returned 100%
call    1 returned 100%
call    2 returned 100%
call    3 returned 100%
call    4 returned 100%
branch  5 taken 100% (fallthrough)
branch  6 taken 0% (throw)
call    7 returned 100%
branch  8 taken 100% (fallthrough)
branch  9 taken 0% (throw)
call   10 returned 100%
branch 11 taken 100% (fallthrough)
branch 12 taken 0% (throw)
call   13 returned 100%
call   14 returned 100%
call   15 returned 100%
call   16 never executed
call   17 never executed
call   18 never executed
call   19 never executed
call   20 returned 100%
call   21 returned 100%
call   22 returned 100%
branch 23 taken 0% (fallthrough)
branch 24 taken 100%
call   25 never executed
call   26 returned 100%
        1:   70:  const int m = collatz_eval(500000);
call    0 returned 100%
branch  1 taken 100% (fallthrough)
branch  2 taken 0% (throw)
        1:   71:  ASSERT_EQ(410011, m);
call    0 returned 100%
branch  1 taken 100% (fallthrough)
branch  2 taken 0% (throw)
call    3 returned 100%
branch  4 taken 0% (fallthrough)
branch  5 taken 100%
call    6 never executed
branch  7 never executed
branch  8 never executed
call    9 never executed
branch 10 never executed
branch 11 never executed
call   12 never executed
branch 13 never executed
branch 14 never executed
call   15 never executed
branch 16 never executed
branch 17 never executed
call   18 never executed
call   19 never executed
call   20 returned 100%
branch 21 taken 100%
branch 22 taken 0%
call   23 never executed
call   24 never executed
call   25 never executed
        -:   72:}
        -:   73:
function _ZN26CollatzFixture_eval_6_TestD0Ev called 1 returned 100% blocks executed 100%
function _ZN26CollatzFixture_eval_6_TestD2Ev called 1 returned 100% blocks executed 75%
function _ZN26CollatzFixture_eval_6_Test8TestBodyEv called 1 returned 100% blocks executed 41%
function _ZN26CollatzFixture_eval_6_TestC2Ev called 1 returned 100% blocks executed 100%
        5:   74:TEST(CollatzFixture, eval_6) {
call    0 returned 100%
call    1 returned 100%
call    2 returned 100%
call    3 returned 100%
call    4 returned 100%
branch  5 taken 100% (fallthrough)
branch  6 taken 0% (throw)
call    7 returned 100%
branch  8 taken 100% (fallthrough)
branch  9 taken 0% (throw)
call   10 returned 100%
branch 11 taken 100% (fallthrough)
branch 12 taken 0% (throw)
call   13 returned 100%
call   14 returned 100%
call   15 returned 100%
call   16 never executed
call   17 never executed
call   18 never executed
call   19 never executed
call   20 returned 100%
call   21 returned 100%
call   22 returned 100%
branch 23 taken 0% (fallthrough)
branch 24 taken 100%
call   25 never executed
call   26 returned 100%
        1:   75:  const int m = collatz_eval(600000);
call    0 returned 100%
branch  1 taken 100% (fallthrough)
branch  2 taken 0% (throw)
        1:   76:  ASSERT_EQ(511935, m);
call    0 returned 100%
branch  1 taken 100% (fallthrough)
branch  2 taken 0% (throw)
call    3 returned 100%
branch  4 taken 0% (fallthrough)
branch  5 taken 100%
call    6 never executed
branch  7 never executed
branch  8 never executed
call    9 never executed
branch 10 never executed
branch 11 never executed
call   12 never executed
branch 13 never executed
branch 14 never executed
call   15 never executed
branch 16 never executed
branch 17 never executed
call   18 never executed
call   19 never executed
call   20 returned 100%
branch 21 taken 100%
branch 22 taken 0%
call   23 never executed
call   24 never executed
call   25 never executed
        -:   77:}
        -:   78:
function _ZN26CollatzFixture_eval_7_TestD0Ev called 1 returned 100% blocks executed 100%
function _ZN26CollatzFixture_eval_7_TestD2Ev called 1 returned 100% blocks executed 75%
function _ZN26CollatzFixture_eval_7_Test8TestBodyEv called 1 returned 100% blocks executed 41%
function _ZN26CollatzFixture_eval_7_TestC2Ev called 1 returned 100% blocks executed 100%
        5:   79:TEST(CollatzFixture, eval_7) {
call    0 returned 100%
call    1 returned 100%
call    2 returned 100%
call    3 returned 100%
call    4 returned 100%
branch  5 taken 100% (fallthrough)
branch  6 taken 0% (throw)
call    7 returned 100%
branch  8 taken 100% (fallthrough)
branch  9 taken 0% (throw)
call   10 returned 100%
branch 11 taken 100% (fallthrough)
branch 12 taken 0% (throw)
call   13 returned 100%
call   14 returned 100%
call   15 returned 100%
call   16 never executed
call   17 never executed
call   18 never executed
call   19 never executed
call   20 returned 100%
call   21 returned 100%
call   22 returned 100%
branch 23 taken 0% (fallthrough)
branch 24 taken 100%
call   25 never executed
call   26 returned 100%
        1:   80:  const int m = collatz_eval(3600000);
call    0 returned 100%
branch  1 taken 100% (fallthrough)
branch  2 taken 0% (throw)
        1:   81:  ASSERT_EQ(3030267, m);
call    0 returned 100%
branch  1 taken 100% (fallthrough)
branch  2 taken 0% (throw)
call    3 returned 100%
branch  4 taken 0% (fallthrough)
branch  5 taken 100%
call    6 never executed
branch  7 never executed
branch  8 never executed
call    9 never executed
branch 10 never executed
branch 11 never executed
call   12 never executed
branch 13 never executed
branch 14 never executed
call   15 never executed
branch 16 never executed
branch 17 never executed
call   18 never executed
call   19 never executed
call   20 returned 100%
branch 21 taken 100%
branch 22 taken 0%
call   23 never executed
call   24 never executed
call   25 never executed
        -:   82:}
        -:   83:
function _ZN26CollatzFixture_eval_8_TestD0Ev called 1 returned 100% blocks executed 100%
function _ZN26CollatzFixture_eval_8_TestD2Ev called 1 returned 100% blocks executed 75%
function _ZN26CollatzFixture_eval_8_Test8TestBodyEv called 1 returned 100% blocks executed 41%
function _ZN26CollatzFixture_eval_8_TestC2Ev called 1 returned 100% blocks executed 100%
        5:   84:TEST(CollatzFixture, eval_8) {
call    0 returned 100%
call    1 returned 100%
call    2 returned 100%
call    3 returned 100%
call    4 returned 100%
branch  5 taken 100% (fallthrough)
branch  6 taken 0% (throw)
call    7 returned 100%
branch  8 taken 100% (fallthrough)
branch  9 taken 0% (throw)
call   10 returned 100%
branch 11 taken 100% (fallthrough)
branch 12 taken 0% (throw)
call   13 returned 100%
call   14 returned 100%
call   15 returned 100%
call   16 never executed
call   17 never executed
call   18 never executed
call   19 never executed
call   20 returned 100%
call   21 returned 100%
call   22 returned 100%
branch 23 taken 0% (fallthrough)
branch 24 taken 100%
call   25 never executed
call   26 returned 100%
        1:   85:  const int m = collatz_eval(3750000);
call    0 returned 100%
branch  1 taken 100% (fallthrough)
branch  2 taken 0% (throw)
        1:   86:  ASSERT_EQ(3030267, m);
call    0 returned 100%
branch  1 taken 100% (fallthrough)
branch  2 taken 0% (throw)
call    3 returned 100%
branch  4 taken 0% (fallthrough)
branch  5 taken 100%
call    6 never executed
branch  7 never executed
branch  8 never executed
call    9 never executed
branch 10 never executed
branch 11 never executed
call   12 never executed
branch 13 never executed
branch 14 never executed
call   15 never executed
branch 16 never executed
branch 17 never executed
call   18 never executed
call   19 never executed
call   20 returned 100%
branch 21 taken 100%
branch 22 taken 0%
call   23 never executed
call   24 never executed
call   25 never executed
        -:   87:}
        -:   88:
function _ZN26CollatzFixture_eval_9_TestD0Ev called 1 returned 100% blocks executed 100%
function _ZN26CollatzFixture_eval_9_TestD2Ev called 1 returned 100% blocks executed 75%
function _ZN26CollatzFixture_eval_9_Test8TestBodyEv called 1 returned 100% blocks executed 41%
function _ZN26CollatzFixture_eval_9_TestC2Ev called 1 returned 100% blocks executed 100%
        5:   89:TEST(CollatzFixture, eval_9) {
call    0 returned 100%
call    1 returned 100%
call    2 returned 100%
call    3 returned 100%
call    4 returned 100%
branch  5 taken 100% (fallthrough)
branch  6 taken 0% (throw)
call    7 returned 100%
branch  8 taken 100% (fallthrough)
branch  9 taken 0% (throw)
call   10 returned 100%
branch 11 taken 100% (fallthrough)
branch 12 taken 0% (throw)
call   13 returned 100%
call   14 returned 100%
call   15 returned 100%
call   16 never executed
call   17 never executed
call   18 never executed
call   19 never executed
call   20 returned 100%
call   21 returned 100%
call   22 returned 100%
branch 23 taken 0% (fallthrough)
branch 24 taken 100%
call   25 never executed
call   26 returned 100%
        1:   90:  const int m = collatz_eval(2000);
call    0 returned 100%
branch  1 taken 100% (fallthrough)
branch  2 taken 0% (throw)
        1:   91:  ASSERT_EQ(1161, m);
call    0 returned 100%
branch  1 taken 100% (fallthrough)
branch  2 taken 0% (throw)
call    3 returned 100%
branch  4 taken 0% (fallthrough)
branch  5 taken 100%
call    6 never executed
branch  7 never executed
branch  8 never executed
call    9 never executed
branch 10 never executed
branch 11 never executed
call   12 never executed
branch 13 never executed
branch 14 never executed
call   15 never executed
branch 16 never executed
branch 17 never executed
call   18 never executed
call   19 never executed
call   20 returned 100%
branch 21 taken 100%
branch 22 taken 0%
call   23 never executed
call   24 never executed
call   25 never executed
        -:   92:}
        -:   93:
function _ZN27CollatzFixture_eval_10_TestD0Ev called 1 returned 100% blocks executed 100%
function _ZN27CollatzFixture_eval_10_TestD2Ev called 1 returned 100% blocks executed 75%
function _ZN27CollatzFixture_eval_10_Test8TestBodyEv called 1 returned 100% blocks executed 41%
function _ZN27CollatzFixture_eval_10_TestC2Ev called 1 returned 100% blocks executed 100%
        5:   94:TEST(CollatzFixture, eval_10) {
call    0 returned 100%
call    1 returned 100%
call    2 returned 100%
call    3 returned 100%
call    4 returned 100%
branch  5 taken 100% (fallthrough)
branch  6 taken 0% (throw)
call    7 returned 100%
branch  8 taken 100% (fallthrough)
branch  9 taken 0% (throw)
call   10 returned 100%
branch 11 taken 100% (fallthrough)
branch 12 taken 0% (throw)
call   13 returned 100%
call   14 returned 100%
call   15 returned 100%
call   16 never executed
call   17 never executed
call   18 never executed
call   19 never executed
call   20 returned 100%
call   21 returned 100%
call   22 returned 100%
branch 23 taken 0% (fallthrough)
branch 24 taken 100%
call   25 never executed
call   26 returned 100%
        1:   95:  const int m = collatz_eval(1000);
call    0 returned 100%
branch  1 taken 100% (fallthrough)
branch  2 taken 0% (throw)
        1:   96:  ASSERT_EQ(871, m);
call    0 returned 100%
branch  1 taken 100% (fallthrough)
branch  2 taken 0% (throw)
call    3 returned 100%
branch  4 taken 0% (fallthrough)
branch  5 taken 100%
call    6 never executed
branch  7 never executed
branch  8 never executed
call    9 never executed
branch 10 never executed
branch 11 never executed
call   12 never executed
branch 13 never executed
branch 14 never executed
call   15 never executed
branch 16 never executed
branch 17 never executed
call   18 never executed
call   19 never executed
call   20 returned 100%
branch 21 taken 100%
branch 22 taken 0%
call   23 never executed
call   24 never executed
call   25 never executed
        -:   97:}
        -:   98:
function _ZN27CollatzFixture_eval_11_TestD0Ev called 1 returned 100% blocks executed 100%
function _ZN27CollatzFixture_eval_11_TestD2Ev called 1 returned 100% blocks executed 75%
function _ZN27CollatzFixture_eval_11_Test8TestBodyEv called 1 returned 100% blocks executed 41%
function _ZN27CollatzFixture_eval_11_TestC2Ev called 1 returned 100% blocks executed 100%
        5:   99:TEST(CollatzFixture, eval_11) {
call    0 returned 100%
call    1 returned 100%
call    2 returned 100%
call    3 returned 100%
call    4 returned 100%
branch  5 taken 100% (fallthrough)
branch  6 taken 0% (throw)
call    7 returned 100%
branch  8 taken 100% (fallthrough)
branch  9 taken 0% (throw)
call   10 returned 100%
branch 11 taken 100% (fallthrough)
branch 12 taken 0% (throw)
call   13 returned 100%
call   14 returned 100%
call   15 returned 100%
call   16 never executed
call   17 never executed
call   18 never executed
call   19 never executed
call   20 returned 100%
call   21 returned 100%
call   22 returned 100%
branch 23 taken 0% (fallthrough)
branch 24 taken 100%
call   25 never executed
call   26 returned 100%
        1:  100:  const int m = collatz_eval(6000000);
call    0 returned 100%
branch  1 taken 100% (fallthrough)
branch  2 taken 0% (throw)
        1:  101:  ASSERT_EQ(5649499, m);
call    0 returned 100%
branch  1 taken 100% (fallthrough)
branch  2 taken 0% (throw)
call    3 returned 100%
branch  4 taken 0% (fallthrough)
branch  5 taken 100%
call    6 never executed
branch  7 never executed
branch  8 never executed
call    9 never executed
branch 10 never executed
branch 11 never executed
call   12 never executed
branch 13 never executed
branch 14 never executed
call   15 never executed
branch 16 never executed
branch 17 never executed
call   18 never executed
call   19 never executed
call   20 returned 100%
branch 21 taken 100%
branch 22 taken 0%
call   23 never executed
call   24 never executed
call   25 never executed
        -:  102:}
        -:  103:
        -:  104:// -----
        -:  105:// print
        -:  106:// -----
        -:  107:
function _ZN25CollatzFixture_print_TestD0Ev called 1 returned 100% blocks executed 100%
function _ZN25CollatzFixture_print_TestD2Ev called 1 returned 100% blocks executed 75%
function _ZN25CollatzFixture_print_Test8TestBodyEv called 1 returned 100% blocks executed 47%
function _ZN25CollatzFixture_print_TestC2Ev called 1 returned 100% blocks executed 100%
        5:  108:TEST(CollatzFixture, print) {
call    0 returned 100%
call    1 returned 100%
call    2 returned 100%
call    3 returned 100%
call    4 returned 100%
branch  5 taken 100% (fallthrough)
branch  6 taken 0% (throw)
call    7 returned 100%
branch  8 taken 100% (fallthrough)
branch  9 taken 0% (throw)
call   10 returned 100%
branch 11 taken 100% (fallthrough)
branch 12 taken 0% (throw)
call   13 returned 100%
call   14 returned 100%
call   15 returned 100%
call   16 never executed
call   17 never executed
call   18 never executed
call   19 never executed
call   20 returned 100%
call   21 returned 100%
call   22 returned 100%
branch 23 taken 0% (fallthrough)
branch 24 taken 100%
call   25 never executed
call   26 returned 100%
        2:  109:  ostringstream w;
call    0 returned 100%
branch  1 taken 100% (fallthrough)
branch  2 taken 0% (throw)
call    3 never executed
call    4 never executed
        1:  110:  collatz_print(w, 10);
call    0 returned 100%
branch  1 taken 100% (fallthrough)
branch  2 taken 0% (throw)
        1:  111:  ASSERT_EQ("10\n", w.str());
call    0 returned 100%
branch  1 taken 100% (fallthrough)
branch  2 taken 0% (throw)
call    3 returned 100%
branch  4 taken 100% (fallthrough)
branch  5 taken 0% (throw)
call    6 returned 100%
call    7 returned 100%
branch  8 taken 0% (fallthrough)
branch  9 taken 100%
call   10 never executed
branch 11 never executed
branch 12 never executed
call   13 never executed
branch 14 never executed
branch 15 never executed
call   16 never executed
branch 17 never executed
branch 18 never executed
call   19 never executed
branch 20 never executed
branch 21 never executed
call   22 never executed
call   23 never executed
call   24 returned 100%
branch 25 taken 100%
branch 26 taken 0%
call   27 returned 100%
branch 28 taken 100%
branch 29 taken 0%
call   30 never executed
call   31 never executed
call   32 never executed
        -:  112:}
        -:  113:
function _ZN27CollatzFixture_print_2_TestD0Ev called 1 returned 100% blocks executed 100%
function _ZN27CollatzFixture_print_2_TestD2Ev called 1 returned 100% blocks executed 75%
function _ZN27CollatzFixture_print_2_Test8TestBodyEv called 1 returned 100% blocks executed 47%
function _ZN27CollatzFixture_print_2_TestC2Ev called 1 returned 100% blocks executed 100%
        5:  114:TEST(CollatzFixture, print_2) {
call    0 returned 100%
call    1 returned 100%
call    2 returned 100%
call    3 returned 100%
call    4 returned 100%
branch  5 taken 100% (fallthrough)
branch  6 taken 0% (throw)
call    7 returned 100%
branch  8 taken 100% (fallthrough)
branch  9 taken 0% (throw)
call   10 returned 100%
branch 11 taken 100% (fallthrough)
branch 12 taken 0% (throw)
call   13 returned 100%
call   14 returned 100%
call   15 returned 100%
call   16 never executed
call   17 never executed
call   18 never executed
call   19 never executed
call   20 returned 100%
call   21 returned 100%
call   22 returned 100%
branch 23 taken 0% (fallthrough)
branch 24 taken 100%
call   25 never executed
call   26 returned 100%
        2:  115:  ostringstream w;
call    0 returned 100%
branch  1 taken 100% (fallthrough)
branch  2 taken 0% (throw)
call    3 never executed
call    4 never executed
        1:  116:  collatz_print(w, 1);
call    0 returned 100%
branch  1 taken 100% (fallthrough)
branch  2 taken 0% (throw)
        1:  117:  ASSERT_EQ("1\n", w.str());
call    0 returned 100%
branch  1 taken 100% (fallthrough)
branch  2 taken 0% (throw)
call    3 returned 100%
branch  4 taken 100% (fallthrough)
branch  5 taken 0% (throw)
call    6 returned 100%
call    7 returned 100%
branch  8 taken 0% (fallthrough)
branch  9 taken 100%
call   10 never executed
branch 11 never executed
branch 12 never executed
call   13 never executed
branch 14 never executed
branch 15 never executed
call   16 never executed
branch 17 never executed
branch 18 never executed
call   19 never executed
branch 20 never executed
branch 21 never executed
call   22 never executed
call   23 never executed
call   24 returned 100%
branch 25 taken 100%
branch 26 taken 0%
call   27 returned 100%
branch 28 taken 100%
branch 29 taken 0%
call   30 never executed
call   31 never executed
call   32 never executed
        -:  118:}
        -:  119:
function _ZN27CollatzFixture_print_3_TestD0Ev called 1 returned 100% blocks executed 100%
function _ZN27CollatzFixture_print_3_TestD2Ev called 1 returned 100% blocks executed 75%
function _ZN27CollatzFixture_print_3_Test8TestBodyEv called 1 returned 100% blocks executed 47%
function _ZN27CollatzFixture_print_3_TestC2Ev called 1 returned 100% blocks executed 100%
        5:  120:TEST(CollatzFixture, print_3) {
call    0 returned 100%
call    1 returned 100%
call    2 returned 100%
call    3 returned 100%
call    4 returned 100%
branch  5 taken 100% (fallthrough)
branch  6 taken 0% (throw)
call    7 returned 100%
branch  8 taken 100% (fallthrough)
branch  9 taken 0% (throw)
call   10 returned 100%
branch 11 taken 100% (fallthrough)
branch 12 taken 0% (throw)
call   13 returned 100%
call   14 returned 100%
call   15 returned 100%
call   16 never executed
call   17 never executed
call   18 never executed
call   19 never executed
call   20 returned 100%
call   21 returned 100%
call   22 returned 100%
branch 23 taken 0% (fallthrough)
branch 24 taken 100%
call   25 never executed
call   26 returned 100%
        2:  121:  ostringstream w;
call    0 returned 100%
branch  1 taken 100% (fallthrough)
branch  2 taken 0% (throw)
call    3 never executed
call    4 never executed
        1:  122:  collatz_print(w, 100);
call    0 returned 100%
branch  1 taken 100% (fallthrough)
branch  2 taken 0% (throw)
        1:  123:  ASSERT_EQ("100\n", w.str());
call    0 returned 100%
branch  1 taken 100% (fallthrough)
branch  2 taken 0% (throw)
call    3 returned 100%
branch  4 taken 100% (fallthrough)
branch  5 taken 0% (throw)
call    6 returned 100%
call    7 returned 100%
branch  8 taken 0% (fallthrough)
branch  9 taken 100%
call   10 never executed
branch 11 never executed
branch 12 never executed
call   13 never executed
branch 14 never executed
branch 15 never executed
call   16 never executed
branch 17 never executed
branch 18 never executed
call   19 never executed
branch 20 never executed
branch 21 never executed
call   22 never executed
call   23 never executed
call   24 returned 100%
branch 25 taken 100%
branch 26 taken 0%
call   27 returned 100%
branch 28 taken 100%
branch 29 taken 0%
call   30 never executed
call   31 never executed
call   32 never executed
        -:  124:}
        -:  125:
        -:  126:// -----
        -:  127:// solve
        -:  128:// -----
        -:  129:
function _ZN27CollatzFixture_solve_1_TestD0Ev called 1 returned 100% blocks executed 100%
function _ZN27CollatzFixture_solve_1_TestD2Ev called 1 returned 100% blocks executed 75%
function _ZN27CollatzFixture_solve_1_Test8TestBodyEv called 1 returned 100% blocks executed 50%
function _ZN27CollatzFixture_solve_1_TestC2Ev called 1 returned 100% blocks executed 100%
        5:  130:TEST(CollatzFixture, solve_1) {
call    0 returned 100%
call    1 returned 100%
call    2 returned 100%
call    3 returned 100%
call    4 returned 100%
branch  5 taken 100% (fallthrough)
branch  6 taken 0% (throw)
call    7 returned 100%
branch  8 taken 100% (fallthrough)
branch  9 taken 0% (throw)
call   10 returned 100%
branch 11 taken 100% (fallthrough)
branch 12 taken 0% (throw)
call   13 returned 100%
call   14 returned 100%
call   15 returned 100%
call   16 never executed
call   17 never executed
call   18 never executed
call   19 never executed
call   20 returned 100%
call   21 returned 100%
call   22 returned 100%
branch 23 taken 0% (fallthrough)
branch 24 taken 100%
call   25 never executed
call   26 returned 100%
        2:  131:  istringstream r("3\n10\n15\n20\n");
call    0 returned 100%
call    1 returned 100%
branch  2 taken 100% (fallthrough)
branch  3 taken 0% (throw)
call    4 returned 100%
branch  5 taken 100% (fallthrough)
branch  6 taken 0% (throw)
call    7 returned 100%
call    8 returned 100%
call    9 never executed
call   10 never executed
call   11 never executed
call   12 never executed
        2:  132:  ostringstream w;
call    0 returned 100%
branch  1 taken 100% (fallthrough)
branch  2 taken 0% (throw)
call    3 returned 100%
branch  4 taken 100%
branch  5 taken 0%
call    6 never executed
        1:  133:  collatz_solve(r, w);
call    0 returned 100%
branch  1 taken 100% (fallthrough)
branch  2 taken 0% (throw)
        1:  134:  ASSERT_EQ("9\n9\n19\n", w.str());
call    0 returned 100%
branch  1 taken 100% (fallthrough)
branch  2 taken 0% (throw)
call    3 returned 100%
branch  4 taken 100% (fallthrough)
branch  5 taken 0% (throw)
call    6 returned 100%
call    7 returned 100%
branch  8 taken 0% (fallthrough)
branch  9 taken 100%
call   10 never executed
branch 11 never executed
branch 12 never executed
call   13 never executed
branch 14 never executed
branch 15 never executed
call   16 never executed
branch 17 never executed
branch 18 never executed
call   19 never executed
branch 20 never executed
branch 21 never executed
call   22 never executed
call   23 never executed
call   24 returned 100%
branch 25 taken 100%
branch 26 taken 0%
call   27 returned 100%
branch 28 taken 100%
branch 29 taken 0%
call   30 never executed
call   31 never executed
call   32 never executed
        -:  135:}
        -:  136:
function _ZN27CollatzFixture_solve_2_TestD0Ev called 1 returned 100% blocks executed 100%
function _ZN27CollatzFixture_solve_2_TestD2Ev called 1 returned 100% blocks executed 75%
function _ZN27CollatzFixture_solve_2_Test8TestBodyEv called 1 returned 100% blocks executed 50%
function _ZN27CollatzFixture_solve_2_TestC2Ev called 1 returned 100% blocks executed 100%
        5:  137:TEST(CollatzFixture, solve_2) {
call    0 returned 100%
call    1 returned 100%
call    2 returned 100%
call    3 returned 100%
call    4 returned 100%
branch  5 taken 100% (fallthrough)
branch  6 taken 0% (throw)
call    7 returned 100%
branch  8 taken 100% (fallthrough)
branch  9 taken 0% (throw)
call   10 returned 100%
branch 11 taken 100% (fallthrough)
branch 12 taken 0% (throw)
call   13 returned 100%
call   14 returned 100%
call   15 returned 100%
call   16 never executed
call   17 never executed
call   18 never executed
call   19 returned 100%
call   20 returned 100%
call   21 returned 100%
branch 22 taken 0% (fallthrough)
branch 23 taken 100%
call   24 never executed
call   25 returned 100%
        2:  138:  istringstream r("3\n1\n4\n7\n");
call    0 returned 100%
call    1 returned 100%
branch  2 taken 100% (fallthrough)
branch  3 taken 0% (throw)
call    4 returned 100%
branch  5 taken 100% (fallthrough)
branch  6 taken 0% (throw)
call    7 returned 100%
call    8 returned 100%
call    9 never executed
call   10 never executed
call   11 never executed
call   12 never executed
        2:  139:  ostringstream w;
call    0 returned 100%
branch  1 taken 100% (fallthrough)
branch  2 taken 0% (throw)
call    3 returned 100%
branch  4 taken 100%
branch  5 taken 0%
call    6 never executed
        1:  140:  collatz_solve(r, w);
call    0 returned 100%
branch  1 taken 100% (fallthrough)
branch  2 taken 0% (throw)
        1:  141:  ASSERT_EQ("1\n3\n7\n", w.str());
call    0 returned 100%
branch  1 taken 100% (fallthrough)
branch  2 taken 0% (throw)
call    3 returned 100%
branch  4 taken 100% (fallthrough)
branch  5 taken 0% (throw)
call    6 returned 100%
call    7 returned 100%
branch  8 taken 0% (fallthrough)
branch  9 taken 100%
call   10 never executed
branch 11 never executed
branch 12 never executed
call   13 never executed
branch 14 never executed
branch 15 never executed
call   16 never executed
branch 17 never executed
branch 18 never executed
call   19 never executed
branch 20 never executed
branch 21 never executed
call   22 never executed
call   23 never executed
call   24 returned 100%
branch 25 taken 100%
branch 26 taken 0%
call   27 returned 100%
branch 28 taken 100%
branch 29 taken 0%
call   30 never executed
call   31 never executed
call   32 never executed
function _GLOBAL__sub_I__ZN26CollatzFixture_read_1_Test10test_info_E called 1 returned 100% blocks executed 100%
function _Z41__static_initialization_and_destruction_0ii called 1 returned 100% blocks executed 64%
        3:  142:}
call    0 returned 100%
branch  1 taken 100% (fallthrough)
branch  2 taken 0%
branch  3 taken 100% (fallthrough)
branch  4 taken 0%
